-------------------------------------------------------------------------------
Test set: org.vnu.sme.goal.trace.istartrace.IStarTraceStepperTest
-------------------------------------------------------------------------------
Tests run: 3, Failures: 3, Errors: 0, Skipped: 0, Time elapsed: 0.044 s <<< FAILURE! -- in org.vnu.sme.goal.trace.istartrace.IStarTraceStepperTest
org.vnu.sme.goal.trace.istartrace.IStarTraceStepperTest.replaysEveryStatementAndExposesRawTemporalMarking -- Time elapsed: 0.008 s <<< FAILURE!
org.opentest4j.AssertionFailedError: /tmp/junit-7478309311885300800/monitor.acl:7:4: syntax: extraneous input 'role' expecting {'}', 'attribute', IDENT} ==> expected: <true> but was: <false>
	at org.junit.jupiter.api.AssertionFailureBuilder.build(AssertionFailureBuilder.java:151)
	at org.junit.jupiter.api.AssertionFailureBuilder.buildAndThrow(AssertionFailureBuilder.java:132)
	at org.junit.jupiter.api.AssertTrue.failNotTrue(AssertTrue.java:63)
	at org.junit.jupiter.api.AssertTrue.assertTrue(AssertTrue.java:42)
	at org.junit.jupiter.api.Assertions.assertTrue(Assertions.java:191)
	at org.vnu.sme.goal.trace.istartrace.IStarTraceStepperTest.replaysEveryStatementAndExposesRawTemporalMarking(IStarTraceStepperTest.java:55)
	at java.base/java.lang.reflect.Method.invoke(Method.java:580)
	at java.base/java.util.ArrayList.forEach(ArrayList.java:1596)
	at java.base/java.util.ArrayList.forEach(ArrayList.java:1596)

org.vnu.sme.goal.trace.istartrace.IStarTraceStepperTest.bundledMonitoringTraceIsImmediatelyRunnableFromTheAction -- Time elapsed: 0.030 s <<< FAILURE!
org.opentest4j.AssertionFailedError: 
soil line 5 'alice.name := 'Alice'': Error: src/main/resources/examples/monitoring/monitoring.soil:5:1:0: Class `Agent' does not have an attribute `name'.
 ==> expected: <true> but was: <false>
	at org.junit.jupiter.api.AssertionFailureBuilder.build(AssertionFailureBuilder.java:151)
	at org.junit.jupiter.api.AssertionFailureBuilder.buildAndThrow(AssertionFailureBuilder.java:132)
	at org.junit.jupiter.api.AssertTrue.failNotTrue(AssertTrue.java:63)
	at org.junit.jupiter.api.AssertTrue.assertTrue(AssertTrue.java:42)
	at org.junit.jupiter.api.Assertions.assertTrue(Assertions.java:191)
	at org.vnu.sme.goal.trace.istartrace.IStarTraceStepperTest.bundledMonitoringTraceIsImmediatelyRunnableFromTheAction(IStarTraceStepperTest.java:79)
	at java.base/java.lang.reflect.Method.invoke(Method.java:580)
	at java.base/java.util.ArrayList.forEach(ArrayList.java:1596)
	at java.base/java.util.ArrayList.forEach(ArrayList.java:1596)

org.vnu.sme.goal.trace.istartrace.IStarTraceStepperTest.mtgTraceContainsOneAtomicInitialCheckpointBeforeBusinessSteps -- Time elapsed: 0.002 s <<< FAILURE!
org.opentest4j.AssertionFailedError: Cannot read ACL file: src/main/resources/examples/mtg/mtg.acl ==> expected: <true> but was: <false>
	at org.junit.jupiter.api.AssertionFailureBuilder.build(AssertionFailureBuilder.java:151)
	at org.junit.jupiter.api.AssertionFailureBuilder.buildAndThrow(AssertionFailureBuilder.java:132)
	at org.junit.jupiter.api.AssertTrue.failNotTrue(AssertTrue.java:63)
	at org.junit.jupiter.api.AssertTrue.assertTrue(AssertTrue.java:42)
	at org.junit.jupiter.api.Assertions.assertTrue(Assertions.java:191)
	at org.vnu.sme.goal.trace.istartrace.IStarTraceStepperTest.mtgTraceContainsOneAtomicInitialCheckpointBeforeBusinessSteps(IStarTraceStepperTest.java:93)
	at java.base/java.lang.reflect.Method.invoke(Method.java:580)
	at java.base/java.util.ArrayList.forEach(ArrayList.java:1596)
	at java.base/java.util.ArrayList.forEach(ArrayList.java:1596)

