-------------------------------------------------------------------------------
Test set: org.vnu.sme.goal.translate.aclistarbpmn2eventb.EventBExportServiceTest
-------------------------------------------------------------------------------
Tests run: 1, Failures: 1, Errors: 0, Skipped: 0, Time elapsed: 0.006 s <<< FAILURE! -- in org.vnu.sme.goal.translate.aclistarbpmn2eventb.EventBExportServiceTest
org.vnu.sme.goal.translate.aclistarbpmn2eventb.EventBExportServiceTest.exportsMeetingSchedulerAsRodinSources -- Time elapsed: 0.004 s <<< FAILURE!
org.opentest4j.AssertionFailedError: 
File does not exist: src/main/resources/examples/mtg/mtg.acl
File does not exist: src/main/resources/examples/mtg/mtg.istar
File does not exist: src/main/resources/examples/mtg/mtg.bpmn2 ==> expected: <true> but was: <false>
	at org.junit.jupiter.api.AssertionFailureBuilder.build(AssertionFailureBuilder.java:151)
	at org.junit.jupiter.api.AssertionFailureBuilder.buildAndThrow(AssertionFailureBuilder.java:132)
	at org.junit.jupiter.api.AssertTrue.failNotTrue(AssertTrue.java:63)
	at org.junit.jupiter.api.AssertTrue.assertTrue(AssertTrue.java:42)
	at org.junit.jupiter.api.Assertions.assertTrue(Assertions.java:191)
	at org.vnu.sme.goal.translate.aclistarbpmn2eventb.EventBExportServiceTest.exportsMeetingSchedulerAsRodinSources(EventBExportServiceTest.java:21)
	at java.base/java.lang.reflect.Method.invoke(Method.java:580)
	at java.base/java.util.ArrayList.forEach(ArrayList.java:1596)
	at java.base/java.util.ArrayList.forEach(ArrayList.java:1596)

