-------------------------------------------------------------------------------
Test set: org.vnu.sme.goal.dsl.acl.AclOclPropertyResolverTest
-------------------------------------------------------------------------------
Tests run: 2, Failures: 2, Errors: 0, Skipped: 0, Time elapsed: 0.008 s <<< FAILURE! -- in org.vnu.sme.goal.dsl.acl.AclOclPropertyResolverTest
org.vnu.sme.goal.dsl.acl.AclOclPropertyResolverTest.rewritesReadableAclNavigationWithoutExposingUseAssociationEnds -- Time elapsed: 0.003 s <<< FAILURE!
org.opentest4j.AssertionFailedError: <memory>:1:0: semantic: relationship 'knowsPhoneOf' between Role/Group classifiers must be a binary composition from a Group to a different Role or Group ==> expected: <true> but was: <false>
	at org.junit.jupiter.api.AssertionFailureBuilder.build(AssertionFailureBuilder.java:151)
	at org.junit.jupiter.api.AssertionFailureBuilder.buildAndThrow(AssertionFailureBuilder.java:132)
	at org.junit.jupiter.api.AssertTrue.failNotTrue(AssertTrue.java:63)
	at org.junit.jupiter.api.AssertTrue.assertTrue(AssertTrue.java:42)
	at org.junit.jupiter.api.Assertions.assertTrue(Assertions.java:191)
	at org.vnu.sme.goal.dsl.acl.AclOclPropertyResolverTest.rewritesReadableAclNavigationWithoutExposingUseAssociationEnds(AclOclPropertyResolverTest.java:34)
	at java.base/java.lang.reflect.Method.invoke(Method.java:580)
	at java.base/java.util.ArrayList.forEach(ArrayList.java:1596)
	at java.base/java.util.ArrayList.forEach(ArrayList.java:1596)

org.vnu.sme.goal.dsl.acl.AclOclPropertyResolverTest.contextualRoleFacadeMakesAgentProfileNavigationTransparent -- Time elapsed: 0.003 s <<< FAILURE!
org.opentest4j.AssertionFailedError: <memory>:1:0: semantic: relationship 'knowsPhoneOf' between Role/Group classifiers must be a binary composition from a Group to a different Role or Group ==> expected: <true> but was: <false>
	at org.junit.jupiter.api.AssertionFailureBuilder.build(AssertionFailureBuilder.java:151)
	at org.junit.jupiter.api.AssertionFailureBuilder.buildAndThrow(AssertionFailureBuilder.java:132)
	at org.junit.jupiter.api.AssertTrue.failNotTrue(AssertTrue.java:63)
	at org.junit.jupiter.api.AssertTrue.assertTrue(AssertTrue.java:42)
	at org.junit.jupiter.api.Assertions.assertTrue(Assertions.java:191)
	at org.vnu.sme.goal.dsl.acl.AclOclPropertyResolverTest.contextualRoleFacadeMakesAgentProfileNavigationTransparent(AclOclPropertyResolverTest.java:56)
	at java.base/java.lang.reflect.Method.invoke(Method.java:580)
	at java.base/java.util.ArrayList.forEach(ArrayList.java:1596)
	at java.base/java.util.ArrayList.forEach(ArrayList.java:1596)

