-------------------------------------------------------------------------------
Test set: org.vnu.sme.goal.dsl.acl.mm.AclSemanticValidatorTest
-------------------------------------------------------------------------------
Tests run: 11, Failures: 5, Errors: 0, Skipped: 0, Time elapsed: 0.172 s <<< FAILURE! -- in org.vnu.sme.goal.dsl.acl.mm.AclSemanticValidatorTest
org.vnu.sme.goal.dsl.acl.mm.AclSemanticValidatorTest.rejectsCompositionWithEntityAsWholeOverNonEntity -- Time elapsed: 0.069 s <<< FAILURE!
org.opentest4j.AssertionFailedError: expected: <false> but was: <true>
	at org.junit.jupiter.api.AssertionFailureBuilder.build(AssertionFailureBuilder.java:151)
	at org.junit.jupiter.api.AssertionFailureBuilder.buildAndThrow(AssertionFailureBuilder.java:132)
	at org.junit.jupiter.api.AssertFalse.failNotFalse(AssertFalse.java:63)
	at org.junit.jupiter.api.AssertFalse.assertFalse(AssertFalse.java:36)
	at org.junit.jupiter.api.AssertFalse.assertFalse(AssertFalse.java:31)
	at org.junit.jupiter.api.Assertions.assertFalse(Assertions.java:231)
	at org.vnu.sme.goal.dsl.acl.mm.AclSemanticValidatorTest.rejectsCompositionWithEntityAsWholeOverNonEntity(AclSemanticValidatorTest.java:164)
	at java.base/java.lang.reflect.Method.invoke(Method.java:580)
	at java.base/java.util.ArrayList.forEach(ArrayList.java:1596)
	at java.base/java.util.ArrayList.forEach(ArrayList.java:1596)

org.vnu.sme.goal.dsl.acl.mm.AclSemanticValidatorTest.rejectsCompatibilityDeclaredOutsideEitherRolesOwnershipScope -- Time elapsed: 0.006 s <<< FAILURE!
org.opentest4j.AssertionFailedError: expected: <false> but was: <true>
	at org.junit.jupiter.api.AssertionFailureBuilder.build(AssertionFailureBuilder.java:151)
	at org.junit.jupiter.api.AssertionFailureBuilder.buildAndThrow(AssertionFailureBuilder.java:132)
	at org.junit.jupiter.api.AssertFalse.failNotFalse(AssertFalse.java:63)
	at org.junit.jupiter.api.AssertFalse.assertFalse(AssertFalse.java:36)
	at org.junit.jupiter.api.AssertFalse.assertFalse(AssertFalse.java:31)
	at org.junit.jupiter.api.Assertions.assertFalse(Assertions.java:231)
	at org.vnu.sme.goal.dsl.acl.mm.AclSemanticValidatorTest.rejectsCompatibilityDeclaredOutsideEitherRolesOwnershipScope(AclSemanticValidatorTest.java:125)
	at java.base/java.lang.reflect.Method.invoke(Method.java:580)
	at java.base/java.util.ArrayList.forEach(ArrayList.java:1596)
	at java.base/java.util.ArrayList.forEach(ArrayList.java:1596)

org.vnu.sme.goal.dsl.acl.mm.AclSemanticValidatorTest.rejectsRoleParentAcrossUnrelatedGroupTrees -- Time elapsed: 0.002 s <<< FAILURE!
org.opentest4j.AssertionFailedError: expected: <false> but was: <true>
	at org.junit.jupiter.api.AssertionFailureBuilder.build(AssertionFailureBuilder.java:151)
	at org.junit.jupiter.api.AssertionFailureBuilder.buildAndThrow(AssertionFailureBuilder.java:132)
	at org.junit.jupiter.api.AssertFalse.failNotFalse(AssertFalse.java:63)
	at org.junit.jupiter.api.AssertFalse.assertFalse(AssertFalse.java:36)
	at org.junit.jupiter.api.AssertFalse.assertFalse(AssertFalse.java:31)
	at org.junit.jupiter.api.Assertions.assertFalse(Assertions.java:231)
	at org.vnu.sme.goal.dsl.acl.mm.AclSemanticValidatorTest.rejectsRoleParentAcrossUnrelatedGroupTrees(AclSemanticValidatorTest.java:35)
	at java.base/java.lang.reflect.Method.invoke(Method.java:580)
	at java.base/java.util.ArrayList.forEach(ArrayList.java:1596)
	at java.base/java.util.ArrayList.forEach(ArrayList.java:1596)

org.vnu.sme.goal.dsl.acl.mm.AclSemanticValidatorTest.allBundledAclExamplesAreCanonicalAndSemanticallyValid -- Time elapsed: 0.028 s <<< FAILURE!
org.opentest4j.AssertionFailedError: 
src/main/resources/examples/enterprise/enterprise.acl
src/main/resources/examples/enterprise/enterprise.acl:17:0: semantic: relationship 'mentors' between Role/Group classifiers must be a binary composition from a Group to a different Role or Group
src/main/resources/examples/enterprise/enterprise.acl:17:0: semantic: relationship 'reportsTo' between Role/Group classifiers must be a binary composition from a Group to a different Role or Group
src/main/resources/examples/enterprise/enterprise.acl:17:0: semantic: relationship 'reviewsWork' between Role/Group classifiers must be a binary composition from a Group to a different Role or Group
src/main/resources/examples/enterprise/enterprise.acl:17:0: semantic: relationship 'collaboratesWith' between Role/Group classifiers must be a binary composition from a Group to a different Role or Group
src/main/resources/examples/enterprise/enterprise.acl:17:0: semantic: relationship 'escalatesTo' between Role/Group classifiers must be a binary composition from a Group to a different Role or Group ==> expected: <true> but was: <false>
	at org.junit.jupiter.api.AssertionFailureBuilder.build(AssertionFailureBuilder.java:151)
	at org.junit.jupiter.api.AssertionFailureBuilder.buildAndThrow(AssertionFailureBuilder.java:132)
	at org.junit.jupiter.api.AssertTrue.failNotTrue(AssertTrue.java:63)
	at org.junit.jupiter.api.AssertTrue.assertTrue(AssertTrue.java:42)
	at org.junit.jupiter.api.Assertions.assertTrue(Assertions.java:191)
	at org.vnu.sme.goal.dsl.acl.mm.AclSemanticValidatorTest.allBundledAclExamplesAreCanonicalAndSemanticallyValid(AclSemanticValidatorTest.java:20)
	at java.base/java.lang.reflect.Method.invoke(Method.java:580)
	at java.base/java.util.ArrayList.forEach(ArrayList.java:1596)
	at java.base/java.util.ArrayList.forEach(ArrayList.java:1596)

org.vnu.sme.goal.dsl.acl.mm.AclSemanticValidatorTest.rejectsUnownedChildBelowOwnedRoleAncestorEvenThroughUnownedIntermediate -- Time elapsed: 0.002 s <<< FAILURE!
org.opentest4j.AssertionFailedError: expected: <false> but was: <true>
	at org.junit.jupiter.api.AssertionFailureBuilder.build(AssertionFailureBuilder.java:151)
	at org.junit.jupiter.api.AssertionFailureBuilder.buildAndThrow(AssertionFailureBuilder.java:132)
	at org.junit.jupiter.api.AssertFalse.failNotFalse(AssertFalse.java:63)
	at org.junit.jupiter.api.AssertFalse.assertFalse(AssertFalse.java:36)
	at org.junit.jupiter.api.AssertFalse.assertFalse(AssertFalse.java:31)
	at org.junit.jupiter.api.Assertions.assertFalse(Assertions.java:231)
	at org.vnu.sme.goal.dsl.acl.mm.AclSemanticValidatorTest.rejectsUnownedChildBelowOwnedRoleAncestorEvenThroughUnownedIntermediate(AclSemanticValidatorTest.java:67)
	at java.base/java.lang.reflect.Method.invoke(Method.java:580)
	at java.base/java.util.ArrayList.forEach(ArrayList.java:1596)
	at java.base/java.util.ArrayList.forEach(ArrayList.java:1596)

