-------------------------------------------------------------------------------
Test set: org.vnu.sme.goal.dsl.aol.view.AolStateModelTest
-------------------------------------------------------------------------------
Tests run: 2, Failures: 2, Errors: 0, Skipped: 0, Time elapsed: 0.018 s <<< FAILURE! -- in org.vnu.sme.goal.dsl.aol.view.AolStateModelTest
org.vnu.sme.goal.dsl.aol.view.AolStateModelTest.initialFrameReconstructsTheAolPopulationThatSeededIt -- Time elapsed: 0.013 s <<< FAILURE!
org.opentest4j.AssertionFailedError: ACL compiler crashed: src/main/resources/examples/mtg/mtg.acl ==> expected: <true> but was: <false>
	at org.junit.jupiter.api.AssertionFailureBuilder.build(AssertionFailureBuilder.java:151)
	at org.junit.jupiter.api.AssertionFailureBuilder.buildAndThrow(AssertionFailureBuilder.java:132)
	at org.junit.jupiter.api.AssertTrue.failNotTrue(AssertTrue.java:63)
	at org.junit.jupiter.api.AssertTrue.assertTrue(AssertTrue.java:42)
	at org.junit.jupiter.api.Assertions.assertTrue(Assertions.java:191)
	at org.vnu.sme.goal.dsl.aol.view.AolStateModelTest.initialFrameReconstructsTheAolPopulationThatSeededIt(AolStateModelTest.java:20)
	at java.base/java.lang.reflect.Method.invoke(Method.java:580)
	at java.base/java.util.ArrayList.forEach(ArrayList.java:1596)
	at java.base/java.util.ArrayList.forEach(ArrayList.java:1596)

org.vnu.sme.goal.dsl.aol.view.AolStateModelTest.laterFrameReflectsActivityEffectsAlreadyApplied -- Time elapsed: 0.002 s <<< FAILURE!
org.opentest4j.AssertionFailedError: ACL compiler crashed: src/main/resources/examples/mtg/mtg.acl ==> expected: <true> but was: <false>
	at org.junit.jupiter.api.AssertionFailureBuilder.build(AssertionFailureBuilder.java:151)
	at org.junit.jupiter.api.AssertionFailureBuilder.buildAndThrow(AssertionFailureBuilder.java:132)
	at org.junit.jupiter.api.AssertTrue.failNotTrue(AssertTrue.java:63)
	at org.junit.jupiter.api.AssertTrue.assertTrue(AssertTrue.java:42)
	at org.junit.jupiter.api.Assertions.assertTrue(Assertions.java:191)
	at org.vnu.sme.goal.dsl.aol.view.AolStateModelTest.laterFrameReflectsActivityEffectsAlreadyApplied(AolStateModelTest.java:49)
	at java.base/java.lang.reflect.Method.invoke(Method.java:580)
	at java.base/java.util.ArrayList.forEach(ArrayList.java:1596)
	at java.base/java.util.ArrayList.forEach(ArrayList.java:1596)

