-------------------------------------------------------------------------------
Test set: org.vnu.sme.goal.trace.istartrace.BpmnTraceIStarMonitorTest
-------------------------------------------------------------------------------
Tests run: 1, Failures: 1, Errors: 0, Skipped: 0, Time elapsed: 0.006 s <<< FAILURE! -- in org.vnu.sme.goal.trace.istartrace.BpmnTraceIStarMonitorTest
org.vnu.sme.goal.trace.istartrace.BpmnTraceIStarMonitorTest.evaluatesMtgBpmnTraceWithoutUseOrSoil -- Time elapsed: 0.005 s <<< FAILURE!
org.opentest4j.AssertionFailedError: src/main/resources/examples/mtg/mtg.acl ==> expected: <true> but was: <false>
	at org.junit.jupiter.api.AssertionFailureBuilder.build(AssertionFailureBuilder.java:151)
	at org.junit.jupiter.api.AssertionFailureBuilder.buildAndThrow(AssertionFailureBuilder.java:132)
	at org.junit.jupiter.api.AssertTrue.failNotTrue(AssertTrue.java:63)
	at org.junit.jupiter.api.AssertTrue.assertTrue(AssertTrue.java:42)
	at org.junit.jupiter.api.Assertions.assertTrue(Assertions.java:191)
	at org.vnu.sme.goal.trace.istartrace.BpmnTraceIStarMonitorTest.evaluatesMtgBpmnTraceWithoutUseOrSoil(BpmnTraceIStarMonitorTest.java:19)
	at java.base/java.lang.reflect.Method.invoke(Method.java:580)
	at java.base/java.util.ArrayList.forEach(ArrayList.java:1596)
	at java.base/java.util.ArrayList.forEach(ArrayList.java:1596)

