-------------------------------------------------------------------------------
Test set: org.vnu.sme.goal.translate.aclistar2use.AclIStar2UseTranslatorTest
-------------------------------------------------------------------------------
Tests run: 4, Failures: 1, Errors: 0, Skipped: 0, Time elapsed: 0.055 s <<< FAILURE! -- in org.vnu.sme.goal.translate.aclistar2use.AclIStar2UseTranslatorTest
org.vnu.sme.goal.translate.aclistar2use.AclIStar2UseTranslatorTest.fileServiceRejectsLegacyForallAndPickInsteadOfApproximatingThem(Path) -- Time elapsed: 0.004 s <<< FAILURE!
org.opentest4j.AssertionFailedError: expected: <true> but was: <false>
	at org.junit.jupiter.api.AssertionFailureBuilder.build(AssertionFailureBuilder.java:151)
	at org.junit.jupiter.api.AssertionFailureBuilder.buildAndThrow(AssertionFailureBuilder.java:132)
	at org.junit.jupiter.api.AssertTrue.failNotTrue(AssertTrue.java:63)
	at org.junit.jupiter.api.AssertTrue.assertTrue(AssertTrue.java:36)
	at org.junit.jupiter.api.AssertTrue.assertTrue(AssertTrue.java:31)
	at org.junit.jupiter.api.Assertions.assertTrue(Assertions.java:183)
	at org.vnu.sme.goal.translate.aclistar2use.AclIStar2UseTranslatorTest.fileServiceRejectsLegacyForallAndPickInsteadOfApproximatingThem(AclIStar2UseTranslatorTest.java:82)
	at java.base/java.lang.reflect.Method.invoke(Method.java:580)
	at java.base/java.util.ArrayList.forEach(ArrayList.java:1596)
	at java.base/java.util.ArrayList.forEach(ArrayList.java:1596)

