-------------------------------------------------------------------------------
Test set: org.vnu.sme.goal.dsl.acl.Acl2UseCanonicalRulesTest
-------------------------------------------------------------------------------
Tests run: 3, Failures: 2, Errors: 0, Skipped: 0, Time elapsed: 0.200 s <<< FAILURE! -- in org.vnu.sme.goal.dsl.acl.Acl2UseCanonicalRulesTest
org.vnu.sme.goal.dsl.acl.Acl2UseCanonicalRulesTest.translatesCanonicalClassifierRelationshipAndOwnerRules -- Time elapsed: 0.012 s <<< FAILURE!
org.opentest4j.AssertionFailedError: <memory>:1:0: semantic: relationship 'mentors' between Role/Group classifiers must be a binary composition from a Group to a different Role or Group ==> expected: <true> but was: <false>
	at org.junit.jupiter.api.AssertionFailureBuilder.build(AssertionFailureBuilder.java:151)
	at org.junit.jupiter.api.AssertionFailureBuilder.buildAndThrow(AssertionFailureBuilder.java:132)
	at org.junit.jupiter.api.AssertTrue.failNotTrue(AssertTrue.java:63)
	at org.junit.jupiter.api.AssertTrue.assertTrue(AssertTrue.java:42)
	at org.junit.jupiter.api.Assertions.assertTrue(Assertions.java:191)
	at org.vnu.sme.goal.dsl.acl.Acl2UseCanonicalRulesTest.translatesCanonicalClassifierRelationshipAndOwnerRules(Acl2UseCanonicalRulesTest.java:50)
	at java.base/java.lang.reflect.Method.invoke(Method.java:580)
	at java.base/java.util.ArrayList.forEach(ArrayList.java:1596)
	at java.base/java.util.ArrayList.forEach(ArrayList.java:1596)

org.vnu.sme.goal.dsl.acl.Acl2UseCanonicalRulesTest.translatesEveryBundledAclExampleToCompilableUse -- Time elapsed: 0.179 s <<< FAILURE!
org.opentest4j.AssertionFailedError: 
src/main/resources/examples/enterprise/enterprise.acl
src/main/resources/examples/enterprise/enterprise.acl:17:0: semantic: relationship 'mentors' between Role/Group classifiers must be a binary composition from a Group to a different Role or Group
src/main/resources/examples/enterprise/enterprise.acl:17:0: semantic: relationship 'reportsTo' between Role/Group classifiers must be a binary composition from a Group to a different Role or Group
src/main/resources/examples/enterprise/enterprise.acl:17:0: semantic: relationship 'reviewsWork' between Role/Group classifiers must be a binary composition from a Group to a different Role or Group
src/main/resources/examples/enterprise/enterprise.acl:17:0: semantic: relationship 'collaboratesWith' between Role/Group classifiers must be a binary composition from a Group to a different Role or Group
src/main/resources/examples/enterprise/enterprise.acl:17:0: semantic: relationship 'escalatesTo' between Role/Group classifiers must be a binary composition from a Group to a different Role or Group ==> expected: <true> but was: <false>
	at org.junit.jupiter.api.AssertionFailureBuilder.build(AssertionFailureBuilder.java:151)
	at org.junit.jupiter.api.AssertionFailureBuilder.buildAndThrow(AssertionFailureBuilder.java:132)
	at org.junit.jupiter.api.AssertTrue.failNotTrue(AssertTrue.java:63)
	at org.junit.jupiter.api.AssertTrue.assertTrue(AssertTrue.java:42)
	at org.junit.jupiter.api.Assertions.assertTrue(Assertions.java:191)
	at org.vnu.sme.goal.dsl.acl.Acl2UseCanonicalRulesTest.translatesEveryBundledAclExampleToCompilableUse(Acl2UseCanonicalRulesTest.java:23)
	at java.base/java.lang.reflect.Method.invoke(Method.java:580)
	at java.base/java.util.ArrayList.forEach(ArrayList.java:1596)
	at java.base/java.util.ArrayList.forEach(ArrayList.java:1596)

