-------------------------------------------------------------------------------
Test set: org.vnu.sme.goal.mapping.SemanticMappingAnalyzerTest
-------------------------------------------------------------------------------
Tests run: 4, Failures: 2, Errors: 1, Skipped: 0, Time elapsed: 0.059 s <<< FAILURE! -- in org.vnu.sme.goal.mapping.SemanticMappingAnalyzerTest
org.vnu.sme.goal.mapping.SemanticMappingAnalyzerTest.generatesMappingsCoverageAndOrphanDiagnosticsWithoutATrace -- Time elapsed: 0.004 s <<< ERROR!
java.nio.file.NoSuchFileException: src/main/resources/examples/mtg/mtg_old.acl
	at java.base/sun.nio.fs.UnixException.translateToIOException(UnixException.java:92)
	at java.base/sun.nio.fs.UnixException.rethrowAsIOException(UnixException.java:106)
	at java.base/sun.nio.fs.UnixException.rethrowAsIOException(UnixException.java:111)
	at java.base/sun.nio.fs.UnixFileAttributeViews$Basic.readAttributes(UnixFileAttributeViews.java:55)
	at java.base/sun.nio.fs.UnixFileSystemProvider.readAttributes(UnixFileSystemProvider.java:171)
	at java.base/sun.nio.fs.LinuxFileSystemProvider.readAttributes(LinuxFileSystemProvider.java:99)
	at java.base/java.nio.file.Files.readAttributes(Files.java:1854)
	at java.base/java.nio.file.Files.size(Files.java:2463)
	at org.antlr.v4.runtime.CharStreams.fromPath(CharStreams.java:86)
	at org.antlr.v4.runtime.CharStreams.fromPath(CharStreams.java:76)
	at org.vnu.sme.goal.dsl.acl.parser.AclCompiler.compile(AclCompiler.java:35)
	at org.vnu.sme.goal.mapping.SemanticMappingAnalyzerTest.generatesMappingsCoverageAndOrphanDiagnosticsWithoutATrace(SemanticMappingAnalyzerTest.java:37)
	at java.base/java.lang.reflect.Method.invoke(Method.java:580)
	at java.base/java.util.ArrayList.forEach(ArrayList.java:1596)
	at java.base/java.util.ArrayList.forEach(ArrayList.java:1596)

org.vnu.sme.goal.mapping.SemanticMappingAnalyzerTest.eventBExportIncludesMappingReportsAndProofObligations -- Time elapsed: 0.013 s <<< FAILURE!
org.opentest4j.AssertionFailedError: 
File does not exist: src/main/resources/examples/mtg/mtg_old.acl
File does not exist: src/main/resources/examples/mtg/mtg_old.istar
File does not exist: src/main/resources/examples/mtg/mtg_old.bpmn2 ==> expected: <true> but was: <false>
	at org.junit.jupiter.api.AssertionFailureBuilder.build(AssertionFailureBuilder.java:151)
	at org.junit.jupiter.api.AssertionFailureBuilder.buildAndThrow(AssertionFailureBuilder.java:132)
	at org.junit.jupiter.api.AssertTrue.failNotTrue(AssertTrue.java:63)
	at org.junit.jupiter.api.AssertTrue.assertTrue(AssertTrue.java:42)
	at org.junit.jupiter.api.Assertions.assertTrue(Assertions.java:191)
	at org.vnu.sme.goal.mapping.SemanticMappingAnalyzerTest.eventBExportIncludesMappingReportsAndProofObligations(SemanticMappingAnalyzerTest.java:61)
	at java.base/java.lang.reflect.Method.invoke(Method.java:580)
	at java.base/java.util.ArrayList.forEach(ArrayList.java:1596)
	at java.base/java.util.ArrayList.forEach(ArrayList.java:1596)

org.vnu.sme.goal.mapping.SemanticMappingAnalyzerTest.comparesARecomputedMappingWithAPreviousCsv -- Time elapsed: 0.002 s <<< FAILURE!
org.opentest4j.AssertionFailedError: 
File does not exist: src/main/resources/examples/mtg/mtg_old.acl
File does not exist: src/main/resources/examples/mtg/mtg_old.istar
File does not exist: src/main/resources/examples/mtg/mtg_old.bpmn2 ==> expected: <true> but was: <false>
	at org.junit.jupiter.api.AssertionFailureBuilder.build(AssertionFailureBuilder.java:151)
	at org.junit.jupiter.api.AssertionFailureBuilder.buildAndThrow(AssertionFailureBuilder.java:132)
	at org.junit.jupiter.api.AssertTrue.failNotTrue(AssertTrue.java:63)
	at org.junit.jupiter.api.AssertTrue.assertTrue(AssertTrue.java:42)
	at org.junit.jupiter.api.Assertions.assertTrue(Assertions.java:191)
	at org.vnu.sme.goal.mapping.SemanticMappingAnalyzerTest.comparesARecomputedMappingWithAPreviousCsv(SemanticMappingAnalyzerTest.java:116)
	at java.base/java.lang.reflect.Method.invoke(Method.java:580)
	at java.base/java.util.ArrayList.forEach(ArrayList.java:1596)
	at java.base/java.util.ArrayList.forEach(ArrayList.java:1596)

