<?xml version="1.0" encoding="UTF-8"?>
<testsuite xmlns:xsi="http://www.w3.org/2001/XMLSchema-instance" xsi:noNamespaceSchemaLocation="https://maven.apache.org/surefire/maven-surefire-plugin/xsd/surefire-test-report-3.0.xsd" version="3.0" name="org.vnu.sme.goal.translate.aclistarbpmn2eventb.SeparatedEventBExportServiceTest" time="0.013" tests="2" errors="0" skipped="0" failures="2">
  <properties>
[...]
</properties>
  <testcase name="aclBpmnSeparatesProcessIdentityFromAclGroupAndReusesLaneRoles" classname="org.vnu.sme.goal.translate.aclistarbpmn2eventb.SeparatedEventBExportServiceTest" time="0.005">
    <failure message="File does not exist: src/main/resources/examples/mtg/mtg.acl&#10;File does not exist: src/main/resources/examples/mtg/mtg.bpmn2 ==&gt; expected: &lt;true&gt; but was: &lt;false&gt;" type="org.opentest4j.AssertionFailedError"><![CDATA[org.opentest4j.AssertionFailedError: 
File does not exist: src/main/resources/examples/mtg/mtg.acl
File does not exist: src/main/resources/examples/mtg/mtg.bpmn2 ==> expected: <true> but was: <false>
	at org.junit.jupiter.api.AssertionFailureBuilder.build(AssertionFailureBuilder.java:151)
	at org.junit.jupiter.api.AssertionFailureBuilder.buildAndThrow(AssertionFailureBuilder.java:132)
	at org.junit.jupiter.api.AssertTrue.failNotTrue(AssertTrue.java:63)
	at org.junit.jupiter.api.AssertTrue.assertTrue(AssertTrue.java:42)
	at org.junit.jupiter.api.Assertions.assertTrue(Assertions.java:191)
	at org.vnu.sme.goal.translate.aclistarbpmn2eventb.SeparatedEventBExportServiceTest.aclBpmnSeparatesProcessIdentityFromAclGroupAndReusesLaneRoles(SeparatedEventBExportServiceTest.java:42)
	at java.base/java.lang.reflect.Method.invoke(Method.java:580)
	at java.base/java.util.ArrayList.forEach(ArrayList.java:1596)
	at java.base/java.util.ArrayList.forEach(ArrayList.java:1596)
]]></failure>
  </testcase>
  <testcase name="aclIStarExtendsCanonicalAclWithoutBpmnState" classname="org.vnu.sme.goal.translate.aclistarbpmn2eventb.SeparatedEventBExportServiceTest" time="0.006">
    <failure message="File does not exist: src/main/resources/examples/mtg/mtg.acl&#10;File does not exist: src/main/resources/examples/mtg/mtg.istar ==&gt; expected: &lt;true&gt; but was: &lt;false&gt;" type="org.opentest4j.AssertionFailedError"><![CDATA[org.opentest4j.AssertionFailedError: 
File does not exist: src/main/resources/examples/mtg/mtg.acl
File does not exist: src/main/resources/examples/mtg/mtg.istar ==> expected: <true> but was: <false>
	at org.junit.jupiter.api.AssertionFailureBuilder.build(AssertionFailureBuilder.java:151)
	at org.junit.jupiter.api.AssertionFailureBuilder.buildAndThrow(AssertionFailureBuilder.java:132)
	at org.junit.jupiter.api.AssertTrue.failNotTrue(AssertTrue.java:63)
	at org.junit.jupiter.api.AssertTrue.assertTrue(AssertTrue.java:42)
	at org.junit.jupiter.api.Assertions.assertTrue(Assertions.java:191)
	at org.vnu.sme.goal.translate.aclistarbpmn2eventb.SeparatedEventBExportServiceTest.aclIStarExtendsCanonicalAclWithoutBpmnState(SeparatedEventBExportServiceTest.java:19)
	at java.base/java.lang.reflect.Method.invoke(Method.java:580)
	at java.base/java.util.ArrayList.forEach(ArrayList.java:1596)
	at java.base/java.util.ArrayList.forEach(ArrayList.java:1596)
]]></failure>
  </testcase>
</testsuite>