<?xml version="1.0" encoding="UTF-8"?>
<testsuite xmlns:xsi="http://www.w3.org/2001/XMLSchema-instance" xsi:noNamespaceSchemaLocation="https://maven.apache.org/surefire/maven-surefire-plugin/xsd/surefire-test-report-3.0.xsd" version="3.0" name="org.vnu.sme.goal.conformance.MtgScenarioConformanceTest" time="1.362" tests="2" errors="0" skipped="0" failures="0">
  <properties>
[...]
</properties>
  <testcase name="allCalendarScenarioGeneratesShortTraceAndSatisfiesRoots" classname="org.vnu.sme.goal.conformance.MtgScenarioConformanceTest" time="1.013"/>
  <testcase name="mixedScenarioGeneratesPhoneThenCalendarTrace" classname="org.vnu.sme.goal.conformance.MtgScenarioConformanceTest" time="0.346"/>
</testsuite>